Determining if the pthread_create exist failed with the following output:
Change Dir: /home/naman/catkin_ws/src/navigation_experimental/pose_follower/CMakeFiles/CMakeTmp

Run Build Command:/usr/bin/make "cmTryCompileExec1755778185/fast"
/usr/bin/make -f CMakeFiles/cmTryCompileExec1755778185.dir/build.make CMakeFiles/cmTryCompileExec1755778185.dir/build
make[1]: Entering directory `/home/naman/catkin_ws/src/navigation_experimental/pose_follower/CMakeFiles/CMakeTmp'
/usr/bin/cmake -E cmake_progress_report /home/naman/catkin_ws/src/navigation_experimental/pose_follower/CMakeFiles/CMakeTmp/CMakeFiles 1
Building C object CMakeFiles/cmTryCompileExec1755778185.dir/CheckSymbolExists.c.o
/usr/bin/gcc    -o CMakeFiles/cmTryCompileExec1755778185.dir/CheckSymbolExists.c.o   -c /home/naman/catkin_ws/src/navigation_experimental/pose_follower/CMakeFiles/CMakeTmp/CheckSymbolExists.c
Linking C executable cmTryCompileExec1755778185
/usr/bin/cmake -E cmake_link_script CMakeFiles/cmTryCompileExec1755778185.dir/link.txt --verbose=1
/usr/bin/gcc         CMakeFiles/cmTryCompileExec1755778185.dir/CheckSymbolExists.c.o  -o cmTryCompileExec1755778185 -rdynamic 
CMakeFiles/cmTryCompileExec1755778185.dir/CheckSymbolExists.c.o:CheckSymbolExists.c:function main: error: undefined reference to 'pthread_create'
collect2: error: ld returned 1 exit status
make[1]: *** [cmTryCompileExec1755778185] Error 1
make[1]: Leaving directory `/home/naman/catkin_ws/src/navigation_experimental/pose_follower/CMakeFiles/CMakeTmp'
make: *** [cmTryCompileExec1755778185/fast] Error 2

File /home/naman/catkin_ws/src/navigation_experimental/pose_follower/CMakeFiles/CMakeTmp/CheckSymbolExists.c:
/* */
#include <pthread.h>

int main(int argc, char** argv)
{
  (void)argv;
#ifndef pthread_create
  return ((int*)(&pthread_create))[argc];
#else
  (void)argc;
  return 0;
#endif
}

Determining if the function pthread_create exists in the pthreads failed with the following output:
Change Dir: /home/naman/catkin_ws/src/navigation_experimental/pose_follower/CMakeFiles/CMakeTmp

Run Build Command:/usr/bin/make "cmTryCompileExec176309325/fast"
/usr/bin/make -f CMakeFiles/cmTryCompileExec176309325.dir/build.make CMakeFiles/cmTryCompileExec176309325.dir/build
make[1]: Entering directory `/home/naman/catkin_ws/src/navigation_experimental/pose_follower/CMakeFiles/CMakeTmp'
/usr/bin/cmake -E cmake_progress_report /home/naman/catkin_ws/src/navigation_experimental/pose_follower/CMakeFiles/CMakeTmp/CMakeFiles 1
Building C object CMakeFiles/cmTryCompileExec176309325.dir/CheckFunctionExists.c.o
/usr/bin/gcc   -DCHECK_FUNCTION_EXISTS=pthread_create   -o CMakeFiles/cmTryCompileExec176309325.dir/CheckFunctionExists.c.o   -c /usr/share/cmake-2.8/Modules/CheckFunctionExists.c
Linking C executable cmTryCompileExec176309325
/usr/bin/cmake -E cmake_link_script CMakeFiles/cmTryCompileExec176309325.dir/link.txt --verbose=1
/usr/bin/gcc     -DCHECK_FUNCTION_EXISTS=pthread_create    CMakeFiles/cmTryCompileExec176309325.dir/CheckFunctionExists.c.o  -o cmTryCompileExec176309325 -rdynamic -lpthreads 
/usr/bin/ld: error: cannot find -lpthreads
CMakeFiles/cmTryCompileExec176309325.dir/CheckFunctionExists.c.o:CheckFunctionExists.c:function main: error: undefined reference to 'pthread_create'
collect2: error: ld returned 1 exit status
make[1]: *** [cmTryCompileExec176309325] Error 1
make[1]: Leaving directory `/home/naman/catkin_ws/src/navigation_experimental/pose_follower/CMakeFiles/CMakeTmp'
make: *** [cmTryCompileExec176309325/fast] Error 2


